mode: atomic
silver-clean-code/internal/adapter/controller/account/controller.go:22.63,26.2 1 3
silver-clean-code/internal/adapter/controller/account/controller.go:28.78,31.16 3 3
silver-clean-code/internal/adapter/controller/account/controller.go:31.16,36.3 2 1
silver-clean-code/internal/adapter/controller/account/controller.go:38.2,38.27 1 2
silver-clean-code/internal/adapter/controller/account/controller.go:38.27,43.3 2 1
silver-clean-code/internal/adapter/controller/account/controller.go:45.2,45.61 1 1
silver-clean-code/internal/adapter/controller/account/controller.go:48.75,50.16 2 2
silver-clean-code/internal/adapter/controller/account/controller.go:50.16,55.3 2 1
silver-clean-code/internal/adapter/controller/account/controller.go:56.2,56.62 1 1
silver-clean-code/internal/adapter/controller/account/controller.go:59.76,61.39 2 3
silver-clean-code/internal/adapter/controller/account/controller.go:61.39,66.3 2 1
silver-clean-code/internal/adapter/controller/account/controller.go:67.2,69.16 3 2
silver-clean-code/internal/adapter/controller/account/controller.go:69.16,74.3 2 1
silver-clean-code/internal/adapter/controller/account/controller.go:75.2,75.58 1 1
silver-clean-code/internal/adapter/repository/mysql/account.go:12.56,16.2 1 6
silver-clean-code/internal/adapter/repository/mysql/account.go:18.75,21.76 3 2
silver-clean-code/internal/adapter/repository/mysql/account.go:21.76,23.3 1 1
silver-clean-code/internal/adapter/repository/mysql/account.go:24.2,24.21 1 2
silver-clean-code/internal/adapter/repository/mysql/account.go:27.67,31.69 3 2
silver-clean-code/internal/adapter/repository/mysql/account.go:31.69,34.17 3 1
silver-clean-code/internal/adapter/repository/mysql/account.go:34.17,36.4 1 1
silver-clean-code/internal/adapter/repository/mysql/account.go:37.3,37.13 1 1
silver-clean-code/internal/adapter/repository/mysql/account.go:39.2,39.22 1 2
silver-clean-code/internal/adapter/repository/mysql/account.go:42.66,45.16 3 2
silver-clean-code/internal/adapter/repository/mysql/account.go:45.16,47.3 1 1
silver-clean-code/internal/adapter/repository/mysql/account.go:48.2,48.12 1 2
silver-clean-code/internal/adapter/repository/mysql/transaction.go:12.64,16.2 1 6
silver-clean-code/internal/adapter/repository/mysql/transaction.go:18.82,21.75 3 2
silver-clean-code/internal/adapter/repository/mysql/transaction.go:21.75,29.3 1 1
silver-clean-code/internal/adapter/repository/mysql/transaction.go:30.2,30.16 1 2
silver-clean-code/internal/adapter/repository/mysql/transaction.go:30.16,32.3 1 1
silver-clean-code/internal/adapter/repository/mysql/transaction.go:33.2,33.25 1 1
silver-clean-code/internal/adapter/repository/mysql/transaction.go:36.74,40.68 3 2
silver-clean-code/internal/adapter/repository/mysql/transaction.go:40.68,49.17 3 1
silver-clean-code/internal/adapter/repository/mysql/transaction.go:49.17,51.4 1 1
silver-clean-code/internal/adapter/repository/mysql/transaction.go:52.3,52.13 1 1
silver-clean-code/internal/adapter/repository/mysql/transaction.go:55.2,55.16 1 2
silver-clean-code/internal/adapter/repository/mysql/transaction.go:55.16,57.3 1 1
silver-clean-code/internal/adapter/repository/mysql/transaction.go:59.2,59.26 1 1
silver-clean-code/internal/adapter/repository/mysql/transaction.go:62.77,65.16 3 2
silver-clean-code/internal/adapter/repository/mysql/transaction.go:65.16,67.3 1 1
silver-clean-code/internal/adapter/repository/mysql/transaction.go:68.2,69.12 2 1
silver-clean-code/internal/infra/server/manager.go:15.75,23.2 3 1
silver-clean-code/internal/usecase/account/usecase.go:11.63,15.2 1 3
silver-clean-code/internal/usecase/account/usecase.go:17.73,19.2 1 1
silver-clean-code/internal/usecase/account/usecase.go:21.67,23.2 1 1
silver-clean-code/internal/usecase/account/usecase.go:25.69,27.2 1 1
silver-clean-code/internal/usecase/transaction/usecase.go:13.71,17.2 1 2
silver-clean-code/internal/usecase/transaction/usecase.go:19.85,21.2 1 1
silver-clean-code/internal/usecase/transaction/usecase.go:23.79,25.2 1 0
silver-clean-code/internal/usecase/transaction/usecase.go:27.85,31.2 3 2
silver-clean-code/internal/usecase/transaction/usecase.go:33.60,35.65 2 2
silver-clean-code/internal/usecase/transaction/usecase.go:35.65,37.3 1 1
silver-clean-code/internal/usecase/transaction/usecase.go:40.52,43.2 2 2
